<?xml version="1.0" encoding="UTF-8"?>
<!-- Generated by org.testng.reporters.JUnitReportReporter -->
<testsuite hostname="CIPL-8PC190" failures="0" tests="1" name="com.cipl.MobileTests.AddContactTest" time="25.162" errors="0" timestamp="2020-01-18T15:58:47 IST" skipped="0">
  <testcase classname="com.cipl.MobileTests.AddContactTest" name="TC1" time="25.162"/>
</testsuite> <!-- com.cipl.MobileTests.AddContactTest -->
